Using pre-set license
Built from '2020.2/release' branch; Version is '2020.2.4f1 (becced5a802b) revision 12504301'; Using compiler version '192528614'; Build Type 'Release'
OS: 'Windows 10 Home; OS build 22631.3447; Version 2009; 64bit' Language: 'es' Physical Memory: 8108 MB
BatchMode: 1, IsHumanControllingUs: 0, StartBugReporterOnCrash: 0, Is64bit: 1, IsPro: 0

 COMMAND LINE ARGUMENTS:
C:\Program Files\Unity\Hub\Editor\2020.2.4f1\Editor\Unity.exe
-adb2
-batchMode
-noUpm
-name
AssetImportWorker1
-projectPath
C:/Users/34610/Downloads/P2 - Introduction to Scripting Part 1/Introduction to Scripting Part 1
-logFile
Logs/AssetImportWorker1.log
-srvPort
20873
Successfully changed project path to: C:/Users/34610/Downloads/P2 - Introduction to Scripting Part 1/Introduction to Scripting Part 1
C:/Users/34610/Downloads/P2 - Introduction to Scripting Part 1/Introduction to Scripting Part 1
Using Asset Import Pipeline V2.
Refreshing native plugins compatible for Editor in 51.28 ms, found 0 plugins.
Preloading 0 native plugins for Editor in 0.00 ms.
Initialize engine version: 2020.2.4f1 (becced5a802b)
[Subsystems] Discovering subsystems at path C:/Program Files/Unity/Hub/Editor/2020.2.4f1/Editor/Data/Resources/UnitySubsystems
[Subsystems] Discovering subsystems at path C:/Users/34610/Downloads/P2 - Introduction to Scripting Part 1/Introduction to Scripting Part 1/Assets
GfxDevice: creating device client; threaded=0
Direct3D:
    Version:  Direct3D 11.0 [level 11.1]
    Renderer: Intel(R) UHD Graphics 620 (ID=0x5917)
    Vendor:   
    VRAM:     4054 MB
    Driver:   27.20.100.8681
Initialize mono
Mono path[0] = 'C:/Program Files/Unity/Hub/Editor/2020.2.4f1/Editor/Data/Managed'
Mono path[1] = 'C:/Program Files/Unity/Hub/Editor/2020.2.4f1/Editor/Data/MonoBleedingEdge/lib/mono/unityjit'
Mono config path = 'C:/Program Files/Unity/Hub/Editor/2020.2.4f1/Editor/Data/MonoBleedingEdge/etc'
Using monoOptions --debugger-agent=transport=dt_socket,embedding=1,server=y,suspend=n,address=127.0.0.1:56168
Begin MonoManager ReloadAssembly
Registering precompiled unity dll's ...
Register platform support module: C:/Program Files/Unity/Hub/Editor/2020.2.4f1/Editor/Data/PlaybackEngines/MacStandaloneSupport/UnityEditor.OSXStandalone.Extensions.dll
Register platform support module: C:/Program Files/Unity/Hub/Editor/2020.2.4f1/Editor/Data/PlaybackEngines/WindowsStandaloneSupport/UnityEditor.WindowsStandalone.Extensions.dll
Registered in 0.008327 seconds.
Native extension for WindowsStandalone target not found
Native extension for OSXStandalone target not found
Refreshing native plugins compatible for Editor in 50.82 ms, found 0 plugins.
Preloading 0 native plugins for Editor in 0.00 ms.
Invoked RoslynAnalysisRunner static constructor.
RoslynAnalysisRunner will not be running.
RoslynAnalysisRunner has terminated.
Mono: successfully reloaded assembly
- Completed reload, in  4.595 seconds
Platform modules already initialized, skipping
Registering precompiled user dll's ...
Registered in 0.001724 seconds.
Begin MonoManager ReloadAssembly
Native extension for WindowsStandalone target not found
Native extension for OSXStandalone target not found
Refreshing native plugins compatible for Editor in 0.33 ms, found 0 plugins.
Preloading 0 native plugins for Editor in 0.00 ms.
Invoked RoslynAnalysisRunner static constructor.
RoslynAnalysisRunner will not be running.
RoslynAnalysisRunner has terminated.
Mono: successfully reloaded assembly
- Completed reload, in  1.572 seconds
Platform modules already initialized, skipping
========================================================================
Worker process is ready to serve import requests
Launched and connected shader compiler UnityShaderCompiler.exe after 0.20 seconds
Refreshing native plugins compatible for Editor in 0.42 ms, found 0 plugins.
Preloading 0 native plugins for Editor in 0.00 ms.
Unloading 1091 Unused Serialized files (Serialized files now loaded: 0)
System memory in use before: 56.9 MB.
System memory in use after: 57.0 MB.

Unloading 9 unused Assets to reduce memory usage. Loaded Objects now: 1533.
Total: 2.253200 ms (FindLiveObjects: 0.156000 ms CreateObjectMapping: 0.043100 ms MarkObjects: 1.941000 ms  DeleteObjects: 0.110900 ms)

========================================================================
Received Import Request.
  path: Assets/RW/Scripts/Managers/UIManager.cs
  artifactKey: Guid(4ffd267ec72815646b473b8f498546ef) Importer(815301076,1909f56bfc062723c751e8b465ee728b)
Start importing Assets/RW/Scripts/Managers/UIManager.cs using Guid(4ffd267ec72815646b473b8f498546ef) Importer(815301076,1909f56bfc062723c751e8b465ee728b)  -> (artifact id: '6d9900ac726e78d0f86873a60917f16b') in 0.068028 seconds
  Import took 0.072207 seconds .

========================================================================
Received Prepare
Registering precompiled user dll's ...
Registered in 0.001365 seconds.
Begin MonoManager ReloadAssembly
Native extension for WindowsStandalone target not found
Native extension for OSXStandalone target not found
Refreshing native plugins compatible for Editor in 0.33 ms, found 0 plugins.
Preloading 0 native plugins for Editor in 0.00 ms.
Invoked RoslynAnalysisRunner static constructor.
RoslynAnalysisRunner will not be running.
RoslynAnalysisRunner has terminated.
Mono: successfully reloaded assembly
- Completed reload, in  1.351 seconds
Platform modules already initialized, skipping
Refreshing native plugins compatible for Editor in 0.35 ms, found 0 plugins.
Preloading 0 native plugins for Editor in 0.00 ms.
Unloading 1085 Unused Serialized files (Serialized files now loaded: 0)
System memory in use before: 56.8 MB.
System memory in use after: 56.9 MB.

Unloading 4 unused Assets to reduce memory usage. Loaded Objects now: 1535.
Total: 3.565100 ms (FindLiveObjects: 1.134800 ms CreateObjectMapping: 0.135600 ms MarkObjects: 2.265800 ms  DeleteObjects: 0.026500 ms)

========================================================================
Received Import Request.
  Time since last request: 119.265224 seconds.
  path: Assets/RW/Scripts/Managers/UIManager.cs
  artifactKey: Guid(4ffd267ec72815646b473b8f498546ef) Importer(815301076,1909f56bfc062723c751e8b465ee728b)
Start importing Assets/RW/Scripts/Managers/UIManager.cs using Guid(4ffd267ec72815646b473b8f498546ef) Importer(815301076,1909f56bfc062723c751e8b465ee728b)  -> (artifact id: '53491e9fb9eeef4f4e1d4d8fbd61ce86') in 0.010676 seconds
  Import took 0.021319 seconds .

========================================================================
Received Import Request.
  Time since last request: 10.080921 seconds.
  path: Assets/RW/Scripts/Managers/GameStateManager.cs
  artifactKey: Guid(a2fedffdced78004abc4c2e97208b070) Importer(815301076,1909f56bfc062723c751e8b465ee728b)
Start importing Assets/RW/Scripts/Managers/GameStateManager.cs using Guid(a2fedffdced78004abc4c2e97208b070) Importer(815301076,1909f56bfc062723c751e8b465ee728b)  -> (artifact id: '5abc330b797208ccbc88beeaff33029a') in 0.013733 seconds
  Import took 0.019068 seconds .

========================================================================
Received Prepare
Registering precompiled user dll's ...
Registered in 0.001203 seconds.
Begin MonoManager ReloadAssembly
Native extension for WindowsStandalone target not found
Native extension for OSXStandalone target not found
Refreshing native plugins compatible for Editor in 0.33 ms, found 0 plugins.
Preloading 0 native plugins for Editor in 0.00 ms.
Invoked RoslynAnalysisRunner static constructor.
RoslynAnalysisRunner will not be running.
RoslynAnalysisRunner has terminated.
Mono: successfully reloaded assembly
- Completed reload, in  1.351 seconds
Platform modules already initialized, skipping
Refreshing native plugins compatible for Editor in 0.39 ms, found 0 plugins.
Preloading 0 native plugins for Editor in 0.00 ms.
Unloading 1085 Unused Serialized files (Serialized files now loaded: 0)
System memory in use before: 56.8 MB.
System memory in use after: 56.9 MB.

Unloading 4 unused Assets to reduce memory usage. Loaded Objects now: 1537.
Total: 3.377700 ms (FindLiveObjects: 0.234100 ms CreateObjectMapping: 0.093500 ms MarkObjects: 3.012700 ms  DeleteObjects: 0.034500 ms)

========================================================================
Received Import Request.
  Time since last request: 15.914655 seconds.
  path: Assets/RW/Scripts/Managers/GameStateManager.cs
  artifactKey: Guid(a2fedffdced78004abc4c2e97208b070) Importer(815301076,1909f56bfc062723c751e8b465ee728b)
Start importing Assets/RW/Scripts/Managers/GameStateManager.cs using Guid(a2fedffdced78004abc4c2e97208b070) Importer(815301076,1909f56bfc062723c751e8b465ee728b)  -> (artifact id: 'a3b4c3f97ee0c2cfee3d92297e2dc1ad') in 0.011234 seconds
  Import took 0.023315 seconds .

========================================================================
Received Prepare
Registering precompiled user dll's ...
Registered in 0.001538 seconds.
Begin MonoManager ReloadAssembly
Native extension for WindowsStandalone target not found
Native extension for OSXStandalone target not found
Refreshing native plugins compatible for Editor in 0.30 ms, found 0 plugins.
Preloading 0 native plugins for Editor in 0.00 ms.
Invoked RoslynAnalysisRunner static constructor.
RoslynAnalysisRunner will not be running.
RoslynAnalysisRunner has terminated.
Mono: successfully reloaded assembly
- Completed reload, in  1.410 seconds
Platform modules already initialized, skipping
Refreshing native plugins compatible for Editor in 0.33 ms, found 0 plugins.
Preloading 0 native plugins for Editor in 0.00 ms.
Unloading 1085 Unused Serialized files (Serialized files now loaded: 0)
System memory in use before: 56.8 MB.
System memory in use after: 56.9 MB.

Unloading 4 unused Assets to reduce memory usage. Loaded Objects now: 1539.
Total: 3.012500 ms (FindLiveObjects: 0.303800 ms CreateObjectMapping: 0.134900 ms MarkObjects: 2.543100 ms  DeleteObjects: 0.028400 ms)

========================================================================
Received Import Request.
  Time since last request: 59.980090 seconds.
  path: Assets/RW/Scripts/Managers/GameStateManager.cs
  artifactKey: Guid(a2fedffdced78004abc4c2e97208b070) Importer(815301076,1909f56bfc062723c751e8b465ee728b)
Start importing Assets/RW/Scripts/Managers/GameStateManager.cs using Guid(a2fedffdced78004abc4c2e97208b070) Importer(815301076,1909f56bfc062723c751e8b465ee728b)  -> (artifact id: 'bc55ee15d7d1f526cbee88aacbfbcc42') in 0.022043 seconds
  Import took 0.041618 seconds .

========================================================================
Received Prepare
Registering precompiled user dll's ...
Registered in 0.001474 seconds.
Begin MonoManager ReloadAssembly
Native extension for WindowsStandalone target not found
Native extension for OSXStandalone target not found
Refreshing native plugins compatible for Editor in 0.28 ms, found 0 plugins.
Preloading 0 native plugins for Editor in 0.00 ms.
Invoked RoslynAnalysisRunner static constructor.
RoslynAnalysisRunner will not be running.
RoslynAnalysisRunner has terminated.
Mono: successfully reloaded assembly
- Completed reload, in  1.620 seconds
Platform modules already initialized, skipping
Refreshing native plugins compatible for Editor in 0.29 ms, found 0 plugins.
Preloading 0 native plugins for Editor in 0.00 ms.
Unloading 1085 Unused Serialized files (Serialized files now loaded: 0)
System memory in use before: 56.9 MB.
System memory in use after: 57.0 MB.

Unloading 4 unused Assets to reduce memory usage. Loaded Objects now: 1541.
Total: 2.339700 ms (FindLiveObjects: 0.267500 ms CreateObjectMapping: 0.080900 ms MarkObjects: 1.965500 ms  DeleteObjects: 0.023900 ms)

========================================================================
Received Prepare
Registering precompiled user dll's ...
Registered in 0.002657 seconds.
Begin MonoManager ReloadAssembly
Native extension for WindowsStandalone target not found
Native extension for OSXStandalone target not found
Refreshing native plugins compatible for Editor in 0.28 ms, found 0 plugins.
Preloading 0 native plugins for Editor in 0.00 ms.
Invoked RoslynAnalysisRunner static constructor.
RoslynAnalysisRunner will not be running.
RoslynAnalysisRunner has terminated.
Mono: successfully reloaded assembly
- Completed reload, in  1.391 seconds
Platform modules already initialized, skipping
Refreshing native plugins compatible for Editor in 0.32 ms, found 0 plugins.
Preloading 0 native plugins for Editor in 0.00 ms.
Unloading 1085 Unused Serialized files (Serialized files now loaded: 0)
System memory in use before: 56.9 MB.
System memory in use after: 57.0 MB.

Unloading 4 unused Assets to reduce memory usage. Loaded Objects now: 1543.
Total: 3.282800 ms (FindLiveObjects: 0.498500 ms CreateObjectMapping: 0.072000 ms MarkObjects: 2.683500 ms  DeleteObjects: 0.025900 ms)

========================================================================
Received Import Request.
  Time since last request: 195.654239 seconds.
  path: Assets/RW/Prefabs/Title
  artifactKey: Guid(7eb9083bebd44864298c0e73441d8f2a) Importer(815301076,1909f56bfc062723c751e8b465ee728b)
Start importing Assets/RW/Prefabs/Title using Guid(7eb9083bebd44864298c0e73441d8f2a) Importer(815301076,1909f56bfc062723c751e8b465ee728b)  -> (artifact id: 'e96c288accdc717d727d6cd77323fbbb') in 0.014860 seconds
  Import took 0.028703 seconds .

========================================================================
Received Import Request.
  Time since last request: 0.018402 seconds.
  path: Assets/RW/Prefabs/Title/Quit Button.prefab
  artifactKey: Guid(ceb8b54db18a85342890b94e2a7c4c2a) Importer(815301076,1909f56bfc062723c751e8b465ee728b)
Start importing Assets/RW/Prefabs/Title/Quit Button.prefab using Guid(ceb8b54db18a85342890b94e2a7c4c2a) Importer(815301076,1909f56bfc062723c751e8b465ee728b)  -> (artifact id: '3d4a95376aed7598d6e5969af79eb59a') in 0.382226 seconds
  Import took 0.389328 seconds .

========================================================================
Received Import Request.
  Time since last request: 0.000756 seconds.
  path: Assets/RW/Prefabs/Title/Start Button.prefab
  artifactKey: Guid(8518085896b53be49b1eedb4c15d53c2) Importer(815301076,1909f56bfc062723c751e8b465ee728b)
Start importing Assets/RW/Prefabs/Title/Start Button.prefab using Guid(8518085896b53be49b1eedb4c15d53c2) Importer(815301076,1909f56bfc062723c751e8b465ee728b)  -> (artifact id: 'dc920edeef09fde32449d35f204b8622') in 0.060487 seconds
  Import took 0.076182 seconds .

========================================================================
Received Import Request.
  Time since last request: 2.083427 seconds.
  path: Assets/RW/Prefabs/Hay Machine Models
  artifactKey: Guid(e45aac00bd452754d8b7cadfe745f44d) Importer(815301076,1909f56bfc062723c751e8b465ee728b)
Start importing Assets/RW/Prefabs/Hay Machine Models using Guid(e45aac00bd452754d8b7cadfe745f44d) Importer(815301076,1909f56bfc062723c751e8b465ee728b)  -> (artifact id: 'f625b94443462e1e32a97d327b20a395') in 0.025315 seconds
  Import took 0.039439 seconds .

========================================================================
Received Import Request.
  Time since last request: 0.002516 seconds.
  path: Assets/RW/Prefabs/Hay Machine Models
  artifactKey: Guid(e45aac00bd452754d8b7cadfe745f44d) Importer(815301076,1909f56bfc062723c751e8b465ee728b)
Start importing Assets/RW/Prefabs/Hay Machine Models using Guid(e45aac00bd452754d8b7cadfe745f44d) Importer(815301076,1909f56bfc062723c751e8b465ee728b)  -> (artifact id: 'f625b94443462e1e32a97d327b20a395') in 0.007536 seconds
  Import took 0.014530 seconds .

========================================================================
Received Import Request.
  Time since last request: 0.031639 seconds.
  path: Assets/RW/Prefabs/Hay Machine Models/Hay Machine Blue.prefab
  artifactKey: Guid(5c5170d876533ae43bc2e4b15c8e6f6e) Importer(815301076,1909f56bfc062723c751e8b465ee728b)
Start importing Assets/RW/Prefabs/Hay Machine Models/Hay Machine Blue.prefab using Guid(5c5170d876533ae43bc2e4b15c8e6f6e) Importer(815301076,1909f56bfc062723c751e8b465ee728b)  -> (artifact id: 'b92ca19a19e44e5e846bbef60def68d3') in 0.030374 seconds
  Import took 0.035567 seconds .

========================================================================
Received Import Request.
  Time since last request: 0.000660 seconds.
  path: Assets/RW/Prefabs/Hay Machine Models/Hay Machine Yellow.prefab
  artifactKey: Guid(28d1a170d9eea59478aa66152b57f446) Importer(815301076,1909f56bfc062723c751e8b465ee728b)
Start importing Assets/RW/Prefabs/Hay Machine Models/Hay Machine Yellow.prefab using Guid(28d1a170d9eea59478aa66152b57f446) Importer(815301076,1909f56bfc062723c751e8b465ee728b)  -> (artifact id: 'd0385fec364adfa0700e4a8c36a06f5a') in 0.024374 seconds
  Import took 0.031883 seconds .

========================================================================
Received Import Request.
  Time since last request: 0.000648 seconds.
  path: Assets/RW/Prefabs/Hay Machine Models/Hay Machine Red.prefab
  artifactKey: Guid(5162234e78cffba45b0498c4775c0be7) Importer(815301076,1909f56bfc062723c751e8b465ee728b)
Start importing Assets/RW/Prefabs/Hay Machine Models/Hay Machine Red.prefab using Guid(5162234e78cffba45b0498c4775c0be7) Importer(815301076,1909f56bfc062723c751e8b465ee728b)  -> (artifact id: 'c4397de376498dd9d91fc9b9f0bce397') in 0.026145 seconds
  Import took 0.037353 seconds .

========================================================================
Received Import Request.
  Time since last request: 0.010149 seconds.
  path: Assets/RW/Prefabs/Hay Machine Models/Hay Machine Red.prefab
  artifactKey: Guid(5162234e78cffba45b0498c4775c0be7) Importer(815301076,1909f56bfc062723c751e8b465ee728b)
Start importing Assets/RW/Prefabs/Hay Machine Models/Hay Machine Red.prefab using Guid(5162234e78cffba45b0498c4775c0be7) Importer(815301076,1909f56bfc062723c751e8b465ee728b)  -> (artifact id: 'c4397de376498dd9d91fc9b9f0bce397') in 0.024718 seconds
  Import took 0.030116 seconds .

========================================================================
Received Import Request.
  Time since last request: 2.548685 seconds.
  path: Assets/RW/Prefabs/Scenery
  artifactKey: Guid(cdab02bbae75bb84c8e7ecb8bf99572c) Importer(815301076,1909f56bfc062723c751e8b465ee728b)
Start importing Assets/RW/Prefabs/Scenery using Guid(cdab02bbae75bb84c8e7ecb8bf99572c) Importer(815301076,1909f56bfc062723c751e8b465ee728b)  -> (artifact id: '90084af6eba777b8d144f6eb1be94267') in 0.019113 seconds
  Import took 0.026375 seconds .

========================================================================
Received Import Request.
  Time since last request: 0.071315 seconds.
  path: Assets/RW/Prefabs/Scenery/Ground.prefab
  artifactKey: Guid(fca26d3bba1898f4396e3c3a760c289e) Importer(815301076,1909f56bfc062723c751e8b465ee728b)
Start importing Assets/RW/Prefabs/Scenery/Ground.prefab using Guid(fca26d3bba1898f4396e3c3a760c289e) Importer(815301076,1909f56bfc062723c751e8b465ee728b)  -> (artifact id: '46b58a6d5fa0a1852272e2abe16fd998') in 0.029366 seconds
  Import took 0.034792 seconds .

========================================================================
Received Import Request.
  Time since last request: 0.000390 seconds.
  path: Assets/RW/Prefabs/Scenery/Windmill.prefab
  artifactKey: Guid(ff9c52423c3a7be49af987edf422bcff) Importer(815301076,1909f56bfc062723c751e8b465ee728b)
Start importing Assets/RW/Prefabs/Scenery/Windmill.prefab using Guid(ff9c52423c3a7be49af987edf422bcff) Importer(815301076,1909f56bfc062723c751e8b465ee728b)  -> (artifact id: 'b032483429ba042b6e7e4e878c625d12') in 0.039529 seconds
  Import took 0.046211 seconds .

========================================================================
Received Import Request.
  Time since last request: 0.007880 seconds.
  path: Assets/RW/Prefabs/Scenery/Windmill.prefab
  artifactKey: Guid(ff9c52423c3a7be49af987edf422bcff) Importer(815301076,1909f56bfc062723c751e8b465ee728b)
Start importing Assets/RW/Prefabs/Scenery/Windmill.prefab using Guid(ff9c52423c3a7be49af987edf422bcff) Importer(815301076,1909f56bfc062723c751e8b465ee728b)  -> (artifact id: 'b032483429ba042b6e7e4e878c625d12') in 0.045294 seconds
  Import took 0.048965 seconds .

========================================================================
Received Import Request.
  Time since last request: 23.932056 seconds.
  path: Assets/RW/Textures/MaterialColors.png
  artifactKey: Guid(d4fdd9f191161b547bd649248a289040) Importer(815301076,1909f56bfc062723c751e8b465ee728b)
Start importing Assets/RW/Textures/MaterialColors.png using Guid(d4fdd9f191161b547bd649248a289040) Importer(815301076,1909f56bfc062723c751e8b465ee728b)  -> (artifact id: '490a30d3def946891befba2d40241fce') in 0.112882 seconds
  Import took 0.118471 seconds .

========================================================================
Received Import Request.
  Time since last request: 98.135966 seconds.
  path: Assets/RW/Scenes/Game.unity
  artifactKey: Guid(c7d17eeaad25ad645b5a59c641b15767) Importer(815301076,1909f56bfc062723c751e8b465ee728b)
Start importing Assets/RW/Scenes/Game.unity using Guid(c7d17eeaad25ad645b5a59c641b15767) Importer(815301076,1909f56bfc062723c751e8b465ee728b)  -> (artifact id: '0de9e4699c85e46463775bf4cb0b1911') in 0.020013 seconds
  Import took 0.027875 seconds .

========================================================================
Received Prepare
Registering precompiled user dll's ...
Registered in 0.001177 seconds.
Begin MonoManager ReloadAssembly
Native extension for WindowsStandalone target not found
Native extension for OSXStandalone target not found
Refreshing native plugins compatible for Editor in 0.30 ms, found 0 plugins.
Preloading 0 native plugins for Editor in 0.00 ms.
Invoked RoslynAnalysisRunner static constructor.
RoslynAnalysisRunner will not be running.
RoslynAnalysisRunner has terminated.
Mono: successfully reloaded assembly
- Completed reload, in  1.331 seconds
Platform modules already initialized, skipping
Refreshing native plugins compatible for Editor in 0.28 ms, found 0 plugins.
Preloading 0 native plugins for Editor in 0.00 ms.
Unloading 1085 Unused Serialized files (Serialized files now loaded: 0)
System memory in use before: 60.0 MB.
System memory in use after: 60.1 MB.

Unloading 4 unused Assets to reduce memory usage. Loaded Objects now: 1554.
Total: 2.643000 ms (FindLiveObjects: 0.353900 ms CreateObjectMapping: 0.126000 ms MarkObjects: 2.132800 ms  DeleteObjects: 0.027100 ms)

========================================================================
Received Import Request.
  Time since last request: 616.492624 seconds.
  path: Assets/RW/Prefabs/Game.unity
  artifactKey: Guid(c7d17eeaad25ad645b5a59c641b15767) Importer(815301076,1909f56bfc062723c751e8b465ee728b)
Start importing Assets/RW/Prefabs/Game.unity using Guid(c7d17eeaad25ad645b5a59c641b15767) Importer(815301076,1909f56bfc062723c751e8b465ee728b)  -> (artifact id: 'bcd09945235f9738a8c2dda79fa7889d') in 0.016706 seconds
  Import took 0.020453 seconds .

========================================================================
Received Import Request.
  Time since last request: 0.026763 seconds.
  path: Assets/RW/Prefabs/Game.unity
  artifactKey: Guid(c7d17eeaad25ad645b5a59c641b15767) Importer(815301076,1909f56bfc062723c751e8b465ee728b)
Start importing Assets/RW/Prefabs/Game.unity using Guid(c7d17eeaad25ad645b5a59c641b15767) Importer(815301076,1909f56bfc062723c751e8b465ee728b)  -> (artifact id: 'bcd09945235f9738a8c2dda79fa7889d') in 0.003220 seconds
  Import took 0.006978 seconds .

========================================================================
Received Prepare
Registering precompiled user dll's ...
Registered in 0.001347 seconds.
Begin MonoManager ReloadAssembly
Native extension for WindowsStandalone target not found
Native extension for OSXStandalone target not found
Refreshing native plugins compatible for Editor in 0.39 ms, found 0 plugins.
Preloading 0 native plugins for Editor in 0.00 ms.
Invoked RoslynAnalysisRunner static constructor.
RoslynAnalysisRunner will not be running.
RoslynAnalysisRunner has terminated.
Mono: successfully reloaded assembly
- Completed reload, in  1.512 seconds
Platform modules already initialized, skipping
Refreshing native plugins compatible for Editor in 0.47 ms, found 0 plugins.
Preloading 0 native plugins for Editor in 0.00 ms.
Unloading 1085 Unused Serialized files (Serialized files now loaded: 0)
System memory in use before: 60.0 MB.
System memory in use after: 60.1 MB.

Unloading 4 unused Assets to reduce memory usage. Loaded Objects now: 1556.
Total: 2.283700 ms (FindLiveObjects: 0.218500 ms CreateObjectMapping: 0.050400 ms MarkObjects: 1.990200 ms  DeleteObjects: 0.022300 ms)

========================================================================
Received Prepare
Registering precompiled user dll's ...
Registered in 0.001409 seconds.
Begin MonoManager ReloadAssembly
Native extension for WindowsStandalone target not found
Native extension for OSXStandalone target not found
Refreshing native plugins compatible for Editor in 0.36 ms, found 0 plugins.
Preloading 0 native plugins for Editor in 0.00 ms.
Invoked RoslynAnalysisRunner static constructor.
RoslynAnalysisRunner will not be running.
RoslynAnalysisRunner has terminated.
Mono: successfully reloaded assembly
- Completed reload, in  1.378 seconds
Platform modules already initialized, skipping
Refreshing native plugins compatible for Editor in 0.38 ms, found 0 plugins.
Preloading 0 native plugins for Editor in 0.00 ms.
Unloading 1085 Unused Serialized files (Serialized files now loaded: 0)
System memory in use before: 60.0 MB.
System memory in use after: 60.1 MB.

Unloading 4 unused Assets to reduce memory usage. Loaded Objects now: 1558.
Total: 4.069800 ms (FindLiveObjects: 0.503700 ms CreateObjectMapping: 0.238000 ms MarkObjects: 3.283700 ms  DeleteObjects: 0.041600 ms)

========================================================================
Received Import Request.
  Time since last request: 408.420572 seconds.
  path: Assets/RW/Scripts/Title.cs
  artifactKey: Guid(18cfa94dfec86934f908297da2148941) Importer(815301076,1909f56bfc062723c751e8b465ee728b)
Start importing Assets/RW/Scripts/Title.cs using Guid(18cfa94dfec86934f908297da2148941) Importer(815301076,1909f56bfc062723c751e8b465ee728b)  -> (artifact id: '002170972e677d97e7b2744c4b16f956') in 0.014956 seconds
  Import took 0.025428 seconds .

========================================================================
Received Prepare
Registering precompiled user dll's ...
Registered in 0.001681 seconds.
Begin MonoManager ReloadAssembly
Native extension for WindowsStandalone target not found
Native extension for OSXStandalone target not found
Refreshing native plugins compatible for Editor in 0.30 ms, found 0 plugins.
Preloading 0 native plugins for Editor in 0.00 ms.
Invoked RoslynAnalysisRunner static constructor.
RoslynAnalysisRunner will not be running.
RoslynAnalysisRunner has terminated.
Mono: successfully reloaded assembly
- Completed reload, in  1.323 seconds
Platform modules already initialized, skipping
Refreshing native plugins compatible for Editor in 0.30 ms, found 0 plugins.
Preloading 0 native plugins for Editor in 0.00 ms.
Unloading 1086 Unused Serialized files (Serialized files now loaded: 0)
System memory in use before: 60.1 MB.
System memory in use after: 60.2 MB.

Unloading 4 unused Assets to reduce memory usage. Loaded Objects now: 1561.
Total: 3.720700 ms (FindLiveObjects: 0.348700 ms CreateObjectMapping: 0.072700 ms MarkObjects: 3.260600 ms  DeleteObjects: 0.035700 ms)

========================================================================
Received Prepare
Registering precompiled user dll's ...
Registered in 0.000980 seconds.
Begin MonoManager ReloadAssembly
Native extension for WindowsStandalone target not found
Native extension for OSXStandalone target not found
Refreshing native plugins compatible for Editor in 0.30 ms, found 0 plugins.
Preloading 0 native plugins for Editor in 0.00 ms.
Invoked RoslynAnalysisRunner static constructor.
RoslynAnalysisRunner will not be running.
RoslynAnalysisRunner has terminated.
Mono: successfully reloaded assembly
- Completed reload, in  1.447 seconds
Platform modules already initialized, skipping
Refreshing native plugins compatible for Editor in 0.30 ms, found 0 plugins.
Preloading 0 native plugins for Editor in 0.00 ms.
Unloading 1085 Unused Serialized files (Serialized files now loaded: 0)
System memory in use before: 60.0 MB.
System memory in use after: 60.1 MB.

Unloading 5 unused Assets to reduce memory usage. Loaded Objects now: 1562.
Total: 2.686800 ms (FindLiveObjects: 0.165100 ms CreateObjectMapping: 0.042400 ms MarkObjects: 2.448600 ms  DeleteObjects: 0.028400 ms)

========================================================================
Received Import Request.
  Time since last request: 98.647771 seconds.
  path: Assets/RW/Scripts/Title
  artifactKey: Guid(094236e1678e2974ba57ce32cd8e17c4) Importer(815301076,1909f56bfc062723c751e8b465ee728b)
Start importing Assets/RW/Scripts/Title using Guid(094236e1678e2974ba57ce32cd8e17c4) Importer(815301076,1909f56bfc062723c751e8b465ee728b)  -> (artifact id: '5aa0a3ee3bac0527900f3367bc8c0763') in 0.016448 seconds
  Import took 0.028044 seconds .

========================================================================
Received Import Request.
  Time since last request: 21.811627 seconds.
  path: Assets/RW/Scripts/Title/StartButtton.cs
  artifactKey: Guid(d40af1dfd1e86bd44b350c87c748ead4) Importer(815301076,1909f56bfc062723c751e8b465ee728b)
Start importing Assets/RW/Scripts/Title/StartButtton.cs using Guid(d40af1dfd1e86bd44b350c87c748ead4) Importer(815301076,1909f56bfc062723c751e8b465ee728b)  -> (artifact id: '6c65d8cee3c28bceb473064d85a874b0') in 0.003905 seconds
  Import took 0.010346 seconds .

========================================================================
Received Prepare
Registering precompiled user dll's ...
Registered in 0.000987 seconds.
Begin MonoManager ReloadAssembly
Native extension for WindowsStandalone target not found
Native extension for OSXStandalone target not found
Refreshing native plugins compatible for Editor in 0.27 ms, found 0 plugins.
Preloading 0 native plugins for Editor in 0.00 ms.
Invoked RoslynAnalysisRunner static constructor.
RoslynAnalysisRunner will not be running.
RoslynAnalysisRunner has terminated.
Mono: successfully reloaded assembly
- Completed reload, in  1.383 seconds
Platform modules already initialized, skipping
Refreshing native plugins compatible for Editor in 0.46 ms, found 0 plugins.
Preloading 0 native plugins for Editor in 0.00 ms.
Unloading 1086 Unused Serialized files (Serialized files now loaded: 0)
System memory in use before: 60.1 MB.
System memory in use after: 60.2 MB.

Unloading 4 unused Assets to reduce memory usage. Loaded Objects now: 1565.
Total: 2.448400 ms (FindLiveObjects: 0.252100 ms CreateObjectMapping: 0.068800 ms MarkObjects: 2.098300 ms  DeleteObjects: 0.027000 ms)

========================================================================
Received Prepare
Registering precompiled user dll's ...
Registered in 0.001349 seconds.
Begin MonoManager ReloadAssembly
Native extension for WindowsStandalone target not found
Native extension for OSXStandalone target not found
Refreshing native plugins compatible for Editor in 0.38 ms, found 0 plugins.
Preloading 0 native plugins for Editor in 0.00 ms.
Invoked RoslynAnalysisRunner static constructor.
RoslynAnalysisRunner will not be running.
RoslynAnalysisRunner has terminated.
Mono: successfully reloaded assembly
- Completed reload, in  1.430 seconds
Platform modules already initialized, skipping
Refreshing native plugins compatible for Editor in 0.43 ms, found 0 plugins.
Preloading 0 native plugins for Editor in 0.00 ms.
Unloading 1086 Unused Serialized files (Serialized files now loaded: 0)
System memory in use before: 60.1 MB.
System memory in use after: 60.2 MB.

Unloading 4 unused Assets to reduce memory usage. Loaded Objects now: 1567.
Total: 2.570300 ms (FindLiveObjects: 0.471600 ms CreateObjectMapping: 0.097800 ms MarkObjects: 1.973900 ms  DeleteObjects: 0.024900 ms)

========================================================================
Received Import Request.
  Time since last request: 113.503253 seconds.
  path: Assets/RW/Scripts/Title/StartButtton.cs
  artifactKey: Guid(d40af1dfd1e86bd44b350c87c748ead4) Importer(815301076,1909f56bfc062723c751e8b465ee728b)
Start importing Assets/RW/Scripts/Title/StartButtton.cs using Guid(d40af1dfd1e86bd44b350c87c748ead4) Importer(815301076,1909f56bfc062723c751e8b465ee728b)  -> (artifact id: '44948a4f21223113c37527e4bb8bf55f') in 0.007944 seconds
  Import took 0.018097 seconds .

========================================================================
Received Import Request.
  Time since last request: 3.261231 seconds.
  path: Assets/RW/Scripts/Title/StartButtton.cs
  artifactKey: Guid(d40af1dfd1e86bd44b350c87c748ead4) Importer(815301076,1909f56bfc062723c751e8b465ee728b)
Start importing Assets/RW/Scripts/Title/StartButtton.cs using Guid(d40af1dfd1e86bd44b350c87c748ead4) Importer(815301076,1909f56bfc062723c751e8b465ee728b)  -> (artifact id: '44948a4f21223113c37527e4bb8bf55f') in 0.004511 seconds
  Import took 0.008953 seconds .

========================================================================
Received Prepare
Registering precompiled user dll's ...
Registered in 0.003674 seconds.
Begin MonoManager ReloadAssembly
Native extension for WindowsStandalone target not found
Native extension for OSXStandalone target not found
Refreshing native plugins compatible for Editor in 0.33 ms, found 0 plugins.
Preloading 0 native plugins for Editor in 0.00 ms.
Invoked RoslynAnalysisRunner static constructor.
RoslynAnalysisRunner will not be running.
RoslynAnalysisRunner has terminated.
Mono: successfully reloaded assembly
- Completed reload, in  1.549 seconds
Platform modules already initialized, skipping
Refreshing native plugins compatible for Editor in 0.28 ms, found 0 plugins.
Preloading 0 native plugins for Editor in 0.00 ms.
Unloading 1086 Unused Serialized files (Serialized files now loaded: 0)
System memory in use before: 60.1 MB.
System memory in use after: 60.2 MB.

Unloading 4 unused Assets to reduce memory usage. Loaded Objects now: 1569.
Total: 3.733700 ms (FindLiveObjects: 0.840500 ms CreateObjectMapping: 0.200600 ms MarkObjects: 2.659200 ms  DeleteObjects: 0.030500 ms)

========================================================================
Received Prepare
Registering precompiled user dll's ...
Registered in 0.001236 seconds.
Begin MonoManager ReloadAssembly
Native extension for WindowsStandalone target not found
Native extension for OSXStandalone target not found
Refreshing native plugins compatible for Editor in 0.36 ms, found 0 plugins.
Preloading 0 native plugins for Editor in 0.00 ms.
Invoked RoslynAnalysisRunner static constructor.
RoslynAnalysisRunner will not be running.
RoslynAnalysisRunner has terminated.
Mono: successfully reloaded assembly
- Completed reload, in  1.416 seconds
Platform modules already initialized, skipping
Refreshing native plugins compatible for Editor in 0.49 ms, found 0 plugins.
Preloading 0 native plugins for Editor in 0.00 ms.
Unloading 1086 Unused Serialized files (Serialized files now loaded: 0)
System memory in use before: 60.1 MB.
System memory in use after: 60.2 MB.

Unloading 4 unused Assets to reduce memory usage. Loaded Objects now: 1571.
Total: 2.709000 ms (FindLiveObjects: 0.454200 ms CreateObjectMapping: 0.099300 ms MarkObjects: 2.131100 ms  DeleteObjects: 0.022000 ms)

========================================================================
Received Prepare
Registering precompiled user dll's ...
Registered in 0.034696 seconds.
Begin MonoManager ReloadAssembly
Native extension for WindowsStandalone target not found
Native extension for OSXStandalone target not found
Refreshing native plugins compatible for Editor in 82.97 ms, found 0 plugins.
Preloading 0 native plugins for Editor in 0.00 ms.
Invoked RoslynAnalysisRunner static constructor.
RoslynAnalysisRunner will not be running.
RoslynAnalysisRunner has terminated.
Mono: successfully reloaded assembly
- Completed reload, in 12.246 seconds
Platform modules already initialized, skipping
Refreshing native plugins compatible for Editor in 1.11 ms, found 0 plugins.
Preloading 0 native plugins for Editor in 0.00 ms.
Unloading 1086 Unused Serialized files (Serialized files now loaded: 0)
System memory in use before: 60.1 MB.
System memory in use after: 60.2 MB.

Unloading 4 unused Assets to reduce memory usage. Loaded Objects now: 1573.
Total: 27.153500 ms (FindLiveObjects: 0.475000 ms CreateObjectMapping: 0.575000 ms MarkObjects: 26.011600 ms  DeleteObjects: 0.086900 ms)

========================================================================
Received Import Request.
  Time since last request: 480.100899 seconds.
  path: Assets/RW/Scripts/Title/StartButtton.cs
  artifactKey: Guid(d40af1dfd1e86bd44b350c87c748ead4) Importer(815301076,1909f56bfc062723c751e8b465ee728b)
Start importing Assets/RW/Scripts/Title/StartButtton.cs using Guid(d40af1dfd1e86bd44b350c87c748ead4) Importer(815301076,1909f56bfc062723c751e8b465ee728b)  -> (artifact id: '6fec8514a56262d6d614ffff05984151') in 0.016873 seconds
  Import took 0.024311 seconds .

========================================================================
Received Import Request.
  Time since last request: 58.508193 seconds.
  path: Assets/RW/Scripts/Title/StartButtton1.cs
  artifactKey: Guid(e6c45f11698f9a14c9d51e63d695b610) Importer(815301076,1909f56bfc062723c751e8b465ee728b)
Start importing Assets/RW/Scripts/Title/StartButtton1.cs using Guid(e6c45f11698f9a14c9d51e63d695b610) Importer(815301076,1909f56bfc062723c751e8b465ee728b)  -> (artifact id: '90660db4ddda75ee3616433cf824efec') in 0.008469 seconds
  Import took 0.014652 seconds .

========================================================================
Received Import Request.
  Time since last request: 24.409762 seconds.
  path: Assets/RW/Scripts/Title/QuitButton.cs
  artifactKey: Guid(e6c45f11698f9a14c9d51e63d695b610) Importer(815301076,1909f56bfc062723c751e8b465ee728b)
Start importing Assets/RW/Scripts/Title/QuitButton.cs using Guid(e6c45f11698f9a14c9d51e63d695b610) Importer(815301076,1909f56bfc062723c751e8b465ee728b)  -> (artifact id: '28fed97471288e8c5d5e83865d04224f') in 0.005104 seconds
  Import took 0.012598 seconds .

========================================================================
Received Prepare
Registering precompiled user dll's ...
Registered in 0.001423 seconds.
Begin MonoManager ReloadAssembly
Native extension for WindowsStandalone target not found
Native extension for OSXStandalone target not found
Refreshing native plugins compatible for Editor in 0.34 ms, found 0 plugins.
Preloading 0 native plugins for Editor in 0.00 ms.
Invoked RoslynAnalysisRunner static constructor.
RoslynAnalysisRunner will not be running.
RoslynAnalysisRunner has terminated.
Mono: successfully reloaded assembly
- Completed reload, in  1.878 seconds
Platform modules already initialized, skipping
Refreshing native plugins compatible for Editor in 0.33 ms, found 0 plugins.
Preloading 0 native plugins for Editor in 0.00 ms.
Unloading 1087 Unused Serialized files (Serialized files now loaded: 0)
System memory in use before: 60.2 MB.
System memory in use after: 60.3 MB.

Unloading 4 unused Assets to reduce memory usage. Loaded Objects now: 1576.
Total: 4.743800 ms (FindLiveObjects: 0.577200 ms CreateObjectMapping: 0.191300 ms MarkObjects: 3.928100 ms  DeleteObjects: 0.044000 ms)

========================================================================
Received Import Request.
  Time since last request: 77.551860 seconds.
  path: Assets/RW/Scripts/Title/QuitButton.cs
  artifactKey: Guid(e6c45f11698f9a14c9d51e63d695b610) Importer(815301076,1909f56bfc062723c751e8b465ee728b)
Start importing Assets/RW/Scripts/Title/QuitButton.cs using Guid(e6c45f11698f9a14c9d51e63d695b610) Importer(815301076,1909f56bfc062723c751e8b465ee728b)  -> (artifact id: '463caf8f862b41b3e0676bff569ac4b6') in 0.009146 seconds
  Import took 0.014656 seconds .

========================================================================
Received Prepare
Registering precompiled user dll's ...
Registered in 0.001356 seconds.
Begin MonoManager ReloadAssembly
Native extension for WindowsStandalone target not found
Native extension for OSXStandalone target not found
Refreshing native plugins compatible for Editor in 0.31 ms, found 0 plugins.
Preloading 0 native plugins for Editor in 0.00 ms.
Invoked RoslynAnalysisRunner static constructor.
RoslynAnalysisRunner will not be running.
RoslynAnalysisRunner has terminated.
Mono: successfully reloaded assembly
- Completed reload, in  1.304 seconds
Platform modules already initialized, skipping
Refreshing native plugins compatible for Editor in 0.35 ms, found 0 plugins.
Preloading 0 native plugins for Editor in 0.00 ms.
Unloading 1087 Unused Serialized files (Serialized files now loaded: 0)
System memory in use before: 60.2 MB.
System memory in use after: 60.3 MB.

Unloading 4 unused Assets to reduce memory usage. Loaded Objects now: 1578.
Total: 2.850000 ms (FindLiveObjects: 0.316500 ms CreateObjectMapping: 0.126700 ms MarkObjects: 2.380100 ms  DeleteObjects: 0.024500 ms)

========================================================================
Received Prepare
Registering precompiled user dll's ...
Registered in 0.003507 seconds.
Begin MonoManager ReloadAssembly
Native extension for WindowsStandalone target not found
Native extension for OSXStandalone target not found
Refreshing native plugins compatible for Editor in 0.64 ms, found 0 plugins.
Preloading 0 native plugins for Editor in 0.00 ms.
Invoked RoslynAnalysisRunner static constructor.
RoslynAnalysisRunner will not be running.
RoslynAnalysisRunner has terminated.
Mono: successfully reloaded assembly
- Completed reload, in  3.418 seconds
Platform modules already initialized, skipping
Refreshing native plugins compatible for Editor in 0.57 ms, found 0 plugins.
Preloading 0 native plugins for Editor in 0.00 ms.
Unloading 1087 Unused Serialized files (Serialized files now loaded: 0)
System memory in use before: 60.2 MB.
System memory in use after: 60.3 MB.

Unloading 4 unused Assets to reduce memory usage. Loaded Objects now: 1580.
Total: 5.424300 ms (FindLiveObjects: 0.486000 ms CreateObjectMapping: 0.277800 ms MarkObjects: 4.579000 ms  DeleteObjects: 0.076500 ms)

========================================================================
Received Prepare
Refreshing native plugins compatible for Editor in 1.58 ms, found 0 plugins.
Preloading 0 native plugins for Editor in 0.00 ms.
Unloading 2 Unused Serialized files (Serialized files now loaded: 0)
System memory in use before: 38.3 MB.
System memory in use after: 38.4 MB.

Unloading 2 unused Assets to reduce memory usage. Loaded Objects now: 1580.
Total: 2.545200 ms (FindLiveObjects: 0.353100 ms CreateObjectMapping: 0.070500 ms MarkObjects: 2.097900 ms  DeleteObjects: 0.021200 ms)

========================================================================
Received Prepare
Refreshing native plugins compatible for Editor in 1.02 ms, found 0 plugins.
Preloading 0 native plugins for Editor in 0.00 ms.
Unloading 2 Unused Serialized files (Serialized files now loaded: 0)
System memory in use before: 38.4 MB.
System memory in use after: 38.5 MB.

Unloading 2 unused Assets to reduce memory usage. Loaded Objects now: 1580.
Total: 3.614800 ms (FindLiveObjects: 0.654500 ms CreateObjectMapping: 0.137900 ms MarkObjects: 2.798900 ms  DeleteObjects: 0.020600 ms)

========================================================================
Received Import Request.
  Time since last request: 218.551396 seconds.
  path: Assets/RW/Scripts/Title/ChangeColorOnMouseOver.cs
  artifactKey: Guid(064f2b71cbb23cb459f78813bc8fa471) Importer(815301076,1909f56bfc062723c751e8b465ee728b)
Start importing Assets/RW/Scripts/Title/ChangeColorOnMouseOver.cs using Guid(064f2b71cbb23cb459f78813bc8fa471) Importer(815301076,1909f56bfc062723c751e8b465ee728b)  -> (artifact id: '783a702abec681352497fe087de9d385') in 0.009094 seconds
  Import took 0.025509 seconds .

========================================================================
Received Prepare
Registering precompiled user dll's ...
Registered in 0.001310 seconds.
Begin MonoManager ReloadAssembly
Native extension for WindowsStandalone target not found
Native extension for OSXStandalone target not found
Refreshing native plugins compatible for Editor in 0.24 ms, found 0 plugins.
Preloading 0 native plugins for Editor in 0.00 ms.
Invoked RoslynAnalysisRunner static constructor.
RoslynAnalysisRunner will not be running.
RoslynAnalysisRunner has terminated.
Mono: successfully reloaded assembly
- Completed reload, in  1.040 seconds
Platform modules already initialized, skipping
Refreshing native plugins compatible for Editor in 0.25 ms, found 0 plugins.
Preloading 0 native plugins for Editor in 0.00 ms.
Unloading 1088 Unused Serialized files (Serialized files now loaded: 0)
System memory in use before: 60.3 MB.
System memory in use after: 60.4 MB.

Unloading 4 unused Assets to reduce memory usage. Loaded Objects now: 1583.
Total: 2.006300 ms (FindLiveObjects: 0.237500 ms CreateObjectMapping: 0.064200 ms MarkObjects: 1.673200 ms  DeleteObjects: 0.029800 ms)

========================================================================
Received Prepare
Registering precompiled user dll's ...
Registered in 0.000849 seconds.
Begin MonoManager ReloadAssembly
Native extension for WindowsStandalone target not found
Native extension for OSXStandalone target not found
Refreshing native plugins compatible for Editor in 0.31 ms, found 0 plugins.
Preloading 0 native plugins for Editor in 0.00 ms.
Invoked RoslynAnalysisRunner static constructor.
RoslynAnalysisRunner will not be running.
RoslynAnalysisRunner has terminated.
Mono: successfully reloaded assembly
- Completed reload, in  0.993 seconds
Platform modules already initialized, skipping
Refreshing native plugins compatible for Editor in 0.28 ms, found 0 plugins.
Preloading 0 native plugins for Editor in 0.00 ms.
Unloading 1088 Unused Serialized files (Serialized files now loaded: 0)
System memory in use before: 60.3 MB.
System memory in use after: 60.4 MB.

Unloading 4 unused Assets to reduce memory usage. Loaded Objects now: 1585.
Total: 2.460900 ms (FindLiveObjects: 0.264600 ms CreateObjectMapping: 0.059400 ms MarkObjects: 2.115800 ms  DeleteObjects: 0.019500 ms)

========================================================================
Received Import Request.
  Time since last request: 89.981928 seconds.
  path: Assets/RW/Scripts/Title/ChangeColorOnMouseOver.cs
  artifactKey: Guid(064f2b71cbb23cb459f78813bc8fa471) Importer(815301076,1909f56bfc062723c751e8b465ee728b)
Start importing Assets/RW/Scripts/Title/ChangeColorOnMouseOver.cs using Guid(064f2b71cbb23cb459f78813bc8fa471) Importer(815301076,1909f56bfc062723c751e8b465ee728b)  -> (artifact id: 'fa0c7062bcde98ad7aaafb5a60b02d9d') in 0.006351 seconds
  Import took 0.013457 seconds .

========================================================================
Received Prepare
Registering precompiled user dll's ...
Registered in 0.002474 seconds.
Begin MonoManager ReloadAssembly
Native extension for WindowsStandalone target not found
Native extension for OSXStandalone target not found
Refreshing native plugins compatible for Editor in 0.25 ms, found 0 plugins.
Preloading 0 native plugins for Editor in 0.00 ms.
Invoked RoslynAnalysisRunner static constructor.
RoslynAnalysisRunner will not be running.
RoslynAnalysisRunner has terminated.
Mono: successfully reloaded assembly
- Completed reload, in  1.302 seconds
Platform modules already initialized, skipping
Refreshing native plugins compatible for Editor in 0.24 ms, found 0 plugins.
Preloading 0 native plugins for Editor in 0.00 ms.
Unloading 1088 Unused Serialized files (Serialized files now loaded: 0)
System memory in use before: 60.3 MB.
System memory in use after: 60.4 MB.

Unloading 4 unused Assets to reduce memory usage. Loaded Objects now: 1587.
Total: 9.504400 ms (FindLiveObjects: 0.286600 ms CreateObjectMapping: 0.076300 ms MarkObjects: 9.071600 ms  DeleteObjects: 0.064400 ms)

========================================================================
Received Prepare
Registering precompiled user dll's ...
Registered in 0.000732 seconds.
Begin MonoManager ReloadAssembly
Native extension for WindowsStandalone target not found
Native extension for OSXStandalone target not found
Refreshing native plugins compatible for Editor in 0.27 ms, found 0 plugins.
Preloading 0 native plugins for Editor in 0.00 ms.
Invoked RoslynAnalysisRunner static constructor.
RoslynAnalysisRunner will not be running.
RoslynAnalysisRunner has terminated.
Mono: successfully reloaded assembly
- Completed reload, in  1.030 seconds
Platform modules already initialized, skipping
Refreshing native plugins compatible for Editor in 0.27 ms, found 0 plugins.
Preloading 0 native plugins for Editor in 0.00 ms.
Unloading 1088 Unused Serialized files (Serialized files now loaded: 0)
System memory in use before: 60.3 MB.
System memory in use after: 60.4 MB.

Unloading 4 unused Assets to reduce memory usage. Loaded Objects now: 1589.
Total: 2.964600 ms (FindLiveObjects: 0.361600 ms CreateObjectMapping: 0.115200 ms MarkObjects: 2.453100 ms  DeleteObjects: 0.033100 ms)

========================================================================
Received Prepare
Refreshing native plugins compatible for Editor in 0.90 ms, found 0 plugins.
Preloading 0 native plugins for Editor in 0.00 ms.
Unloading 2 Unused Serialized files (Serialized files now loaded: 0)
System memory in use before: 38.4 MB.
System memory in use after: 38.5 MB.

Unloading 2 unused Assets to reduce memory usage. Loaded Objects now: 1589.
Total: 3.081100 ms (FindLiveObjects: 0.259900 ms CreateObjectMapping: 0.075300 ms MarkObjects: 2.703600 ms  DeleteObjects: 0.041000 ms)

========================================================================
Received Import Request.
  Time since last request: 38851.993136 seconds.
  path: Assets/RW/Prefabs
  artifactKey: Guid(722667a4a75bb734f94fbd9818fcb437) Importer(815301076,1909f56bfc062723c751e8b465ee728b)
Start importing Assets/RW/Prefabs using Guid(722667a4a75bb734f94fbd9818fcb437) Importer(815301076,1909f56bfc062723c751e8b465ee728b)  -> (artifact id: '4b68b1db74b19d3bbed24b59fd313e4d') in 0.010344 seconds
  Import took 0.039647 seconds .

========================================================================
Received Import Request.
  Time since last request: 452.654340 seconds.
  path: Assets/RW/Scripts/Shared
  artifactKey: Guid(47e0027bdfedcdd4ca05cc36dfe4dd6c) Importer(815301076,1909f56bfc062723c751e8b465ee728b)
Start importing Assets/RW/Scripts/Shared using Guid(47e0027bdfedcdd4ca05cc36dfe4dd6c) Importer(815301076,1909f56bfc062723c751e8b465ee728b)  -> (artifact id: '828965f828d52347a1e189e2ce6d7082') in 0.007676 seconds
  Import took 0.013405 seconds .

========================================================================
Received Import Request.
  Time since last request: 25.021198 seconds.
  path: Assets/RW/Scripts/Shared/HayMachineColor.cs
  artifactKey: Guid(a87545b4115d3a14a99eb1e022524386) Importer(815301076,1909f56bfc062723c751e8b465ee728b)
Start importing Assets/RW/Scripts/Shared/HayMachineColor.cs using Guid(a87545b4115d3a14a99eb1e022524386) Importer(815301076,1909f56bfc062723c751e8b465ee728b)  -> (artifact id: 'de0b1efa7114321795095a5f9440ec06') in 0.017442 seconds
  Import took 0.023900 seconds .

========================================================================
Received Prepare
Registering precompiled user dll's ...
Registered in 0.000909 seconds.
Begin MonoManager ReloadAssembly
Native extension for WindowsStandalone target not found
Native extension for OSXStandalone target not found
Refreshing native plugins compatible for Editor in 0.32 ms, found 0 plugins.
Preloading 0 native plugins for Editor in 0.00 ms.
Invoked RoslynAnalysisRunner static constructor.
RoslynAnalysisRunner will not be running.
RoslynAnalysisRunner has terminated.
Mono: successfully reloaded assembly
- Completed reload, in  1.025 seconds
Platform modules already initialized, skipping
Refreshing native plugins compatible for Editor in 0.27 ms, found 0 plugins.
Preloading 0 native plugins for Editor in 0.00 ms.
Unloading 1089 Unused Serialized files (Serialized files now loaded: 0)
System memory in use before: 60.3 MB.
System memory in use after: 60.4 MB.

Unloading 4 unused Assets to reduce memory usage. Loaded Objects now: 1592.
Total: 2.265300 ms (FindLiveObjects: 0.175800 ms CreateObjectMapping: 0.063400 ms MarkObjects: 1.998200 ms  DeleteObjects: 0.026100 ms)

========================================================================
Received Prepare
Registering precompiled user dll's ...
Registered in 0.000927 seconds.
Begin MonoManager ReloadAssembly
Native extension for WindowsStandalone target not found
Native extension for OSXStandalone target not found
Refreshing native plugins compatible for Editor in 0.28 ms, found 0 plugins.
Preloading 0 native plugins for Editor in 0.00 ms.
Invoked RoslynAnalysisRunner static constructor.
RoslynAnalysisRunner will not be running.
RoslynAnalysisRunner has terminated.
Mono: successfully reloaded assembly
- Completed reload, in  0.908 seconds
Platform modules already initialized, skipping
Refreshing native plugins compatible for Editor in 0.41 ms, found 0 plugins.
Preloading 0 native plugins for Editor in 0.00 ms.
Unloading 1089 Unused Serialized files (Serialized files now loaded: 0)
System memory in use before: 60.3 MB.
System memory in use after: 60.4 MB.

Unloading 4 unused Assets to reduce memory usage. Loaded Objects now: 1594.
Total: 2.896500 ms (FindLiveObjects: 0.320300 ms CreateObjectMapping: 0.074700 ms MarkObjects: 2.476300 ms  DeleteObjects: 0.023000 ms)

========================================================================
Received Import Request.
  Time since last request: 830.157093 seconds.
  path: Assets/RW/Scripts/Shared/HayMachineColor.cs
  artifactKey: Guid(a87545b4115d3a14a99eb1e022524386) Importer(815301076,1909f56bfc062723c751e8b465ee728b)
Start importing Assets/RW/Scripts/Shared/HayMachineColor.cs using Guid(a87545b4115d3a14a99eb1e022524386) Importer(815301076,1909f56bfc062723c751e8b465ee728b)  -> (artifact id: '3a7253ed8ab5b3b446f96a1038bea796') in 0.020212 seconds
  Import took 0.027823 seconds .

========================================================================
Received Import Request.
  Time since last request: 14.567798 seconds.
  path: Assets/RW/Scripts/Shared/GameSettings.cs
  artifactKey: Guid(197c871049ae152498d03830bcafeb55) Importer(815301076,1909f56bfc062723c751e8b465ee728b)
Start importing Assets/RW/Scripts/Shared/GameSettings.cs using Guid(197c871049ae152498d03830bcafeb55) Importer(815301076,1909f56bfc062723c751e8b465ee728b)  -> (artifact id: 'eb91f37e3c878046cabdc49aae9c4dab') in 0.007979 seconds
  Import took 0.012508 seconds .

========================================================================
Received Prepare
Registering precompiled user dll's ...
Registered in 0.000797 seconds.
Begin MonoManager ReloadAssembly
Native extension for WindowsStandalone target not found
Native extension for OSXStandalone target not found
Refreshing native plugins compatible for Editor in 0.29 ms, found 0 plugins.
Preloading 0 native plugins for Editor in 0.00 ms.
Invoked RoslynAnalysisRunner static constructor.
RoslynAnalysisRunner will not be running.
RoslynAnalysisRunner has terminated.
Mono: successfully reloaded assembly
- Completed reload, in  1.098 seconds
Platform modules already initialized, skipping
Refreshing native plugins compatible for Editor in 0.60 ms, found 0 plugins.
Preloading 0 native plugins for Editor in 0.00 ms.
Unloading 1090 Unused Serialized files (Serialized files now loaded: 0)
System memory in use before: 60.4 MB.
System memory in use after: 60.5 MB.

Unloading 4 unused Assets to reduce memory usage. Loaded Objects now: 1597.
Total: 2.685300 ms (FindLiveObjects: 0.286100 ms CreateObjectMapping: 0.074900 ms MarkObjects: 2.297800 ms  DeleteObjects: 0.023700 ms)

========================================================================
Received Prepare
Registering precompiled user dll's ...
Registered in 0.001601 seconds.
Begin MonoManager ReloadAssembly
Native extension for WindowsStandalone target not found
Native extension for OSXStandalone target not found
Refreshing native plugins compatible for Editor in 0.26 ms, found 0 plugins.
Preloading 0 native plugins for Editor in 0.00 ms.
Invoked RoslynAnalysisRunner static constructor.
RoslynAnalysisRunner will not be running.
RoslynAnalysisRunner has terminated.
Mono: successfully reloaded assembly
- Completed reload, in  0.978 seconds
Platform modules already initialized, skipping
Refreshing native plugins compatible for Editor in 0.33 ms, found 0 plugins.
Preloading 0 native plugins for Editor in 0.00 ms.
Unloading 1090 Unused Serialized files (Serialized files now loaded: 0)
System memory in use before: 60.4 MB.
System memory in use after: 60.5 MB.

Unloading 4 unused Assets to reduce memory usage. Loaded Objects now: 1599.
Total: 2.912200 ms (FindLiveObjects: 0.543500 ms CreateObjectMapping: 0.124100 ms MarkObjects: 2.219900 ms  DeleteObjects: 0.022000 ms)

========================================================================
Received Import Request.
  Time since last request: 94.989244 seconds.
  path: Assets/RW/Scripts/Shared/GameSettings.cs
  artifactKey: Guid(197c871049ae152498d03830bcafeb55) Importer(815301076,1909f56bfc062723c751e8b465ee728b)
Start importing Assets/RW/Scripts/Shared/GameSettings.cs using Guid(197c871049ae152498d03830bcafeb55) Importer(815301076,1909f56bfc062723c751e8b465ee728b)  -> (artifact id: '22a3290b7a2feb2dba236026e76a5738') in 0.005230 seconds
  Import took 0.008643 seconds .

========================================================================
Received Import Request.
  Time since last request: 6.002913 seconds.
  path: Assets/RW/Scripts/Shared/HayMachineSwitcher.cs
  artifactKey: Guid(a9aeb6cac7c50f149bead18cef913ae0) Importer(815301076,1909f56bfc062723c751e8b465ee728b)
Start importing Assets/RW/Scripts/Shared/HayMachineSwitcher.cs using Guid(a9aeb6cac7c50f149bead18cef913ae0) Importer(815301076,1909f56bfc062723c751e8b465ee728b)  -> (artifact id: '22a1b79bb7757632db3f43eb8d7155e7') in 0.006954 seconds
  Import took 0.011290 seconds .

========================================================================
Received Prepare
Registering precompiled user dll's ...
Registered in 0.000821 seconds.
Begin MonoManager ReloadAssembly
Native extension for WindowsStandalone target not found
Native extension for OSXStandalone target not found
Refreshing native plugins compatible for Editor in 0.29 ms, found 0 plugins.
Preloading 0 native plugins for Editor in 0.00 ms.
Invoked RoslynAnalysisRunner static constructor.
RoslynAnalysisRunner will not be running.
RoslynAnalysisRunner has terminated.
Mono: successfully reloaded assembly
- Completed reload, in  0.939 seconds
Platform modules already initialized, skipping
Refreshing native plugins compatible for Editor in 0.30 ms, found 0 plugins.
Preloading 0 native plugins for Editor in 0.00 ms.
Unloading 1091 Unused Serialized files (Serialized files now loaded: 0)
System memory in use before: 60.4 MB.
System memory in use after: 60.5 MB.

Unloading 4 unused Assets to reduce memory usage. Loaded Objects now: 1602.
Total: 2.333000 ms (FindLiveObjects: 0.179400 ms CreateObjectMapping: 0.061500 ms MarkObjects: 2.052600 ms  DeleteObjects: 0.038100 ms)

========================================================================
Received Prepare
Registering precompiled user dll's ...
Registered in 0.000851 seconds.
Begin MonoManager ReloadAssembly
Native extension for WindowsStandalone target not found
Native extension for OSXStandalone target not found
Refreshing native plugins compatible for Editor in 0.24 ms, found 0 plugins.
Preloading 0 native plugins for Editor in 0.00 ms.
Invoked RoslynAnalysisRunner static constructor.
RoslynAnalysisRunner will not be running.
RoslynAnalysisRunner has terminated.
Mono: successfully reloaded assembly
- Completed reload, in  0.966 seconds
Platform modules already initialized, skipping
Refreshing native plugins compatible for Editor in 0.27 ms, found 0 plugins.
Preloading 0 native plugins for Editor in 0.00 ms.
Unloading 1091 Unused Serialized files (Serialized files now loaded: 0)
System memory in use before: 60.4 MB.
System memory in use after: 60.5 MB.

Unloading 4 unused Assets to reduce memory usage. Loaded Objects now: 1604.
Total: 3.259500 ms (FindLiveObjects: 0.211600 ms CreateObjectMapping: 0.084800 ms MarkObjects: 2.940000 ms  DeleteObjects: 0.021300 ms)

========================================================================
Received Import Request.
  Time since last request: 271.314110 seconds.
  path: Assets/RW/Scripts/Shared/HayMachineSwitcher.cs
  artifactKey: Guid(a9aeb6cac7c50f149bead18cef913ae0) Importer(815301076,1909f56bfc062723c751e8b465ee728b)
Start importing Assets/RW/Scripts/Shared/HayMachineSwitcher.cs using Guid(a9aeb6cac7c50f149bead18cef913ae0) Importer(815301076,1909f56bfc062723c751e8b465ee728b)  -> (artifact id: '616619ed42e19335052a9ce6866fa0d3') in 0.005347 seconds
  Import took 0.030558 seconds .

========================================================================
Received Prepare
Registering precompiled user dll's ...
Registered in 0.001317 seconds.
Begin MonoManager ReloadAssembly
Native extension for WindowsStandalone target not found
Native extension for OSXStandalone target not found
Refreshing native plugins compatible for Editor in 0.28 ms, found 0 plugins.
Preloading 0 native plugins for Editor in 0.00 ms.
Invoked RoslynAnalysisRunner static constructor.
RoslynAnalysisRunner will not be running.
RoslynAnalysisRunner has terminated.
Mono: successfully reloaded assembly
- Completed reload, in  0.989 seconds
Platform modules already initialized, skipping
Refreshing native plugins compatible for Editor in 0.32 ms, found 0 plugins.
Preloading 0 native plugins for Editor in 0.00 ms.
Unloading 1091 Unused Serialized files (Serialized files now loaded: 0)
System memory in use before: 60.4 MB.
System memory in use after: 60.5 MB.

Unloading 4 unused Assets to reduce memory usage. Loaded Objects now: 1606.
Total: 2.233500 ms (FindLiveObjects: 0.166000 ms CreateObjectMapping: 0.041000 ms MarkObjects: 1.989100 ms  DeleteObjects: 0.035800 ms)

========================================================================
Received Prepare
Registering precompiled user dll's ...
Registered in 0.001144 seconds.
Begin MonoManager ReloadAssembly
Native extension for WindowsStandalone target not found
Native extension for OSXStandalone target not found
Refreshing native plugins compatible for Editor in 0.39 ms, found 0 plugins.
Preloading 0 native plugins for Editor in 0.00 ms.
Invoked RoslynAnalysisRunner static constructor.
RoslynAnalysisRunner will not be running.
RoslynAnalysisRunner has terminated.
Mono: successfully reloaded assembly
- Completed reload, in  0.979 seconds
Platform modules already initialized, skipping
Refreshing native plugins compatible for Editor in 0.41 ms, found 0 plugins.
Preloading 0 native plugins for Editor in 0.00 ms.
Unloading 1091 Unused Serialized files (Serialized files now loaded: 0)
System memory in use before: 60.4 MB.
System memory in use after: 60.5 MB.

Unloading 4 unused Assets to reduce memory usage. Loaded Objects now: 1608.
Total: 3.106800 ms (FindLiveObjects: 0.259600 ms CreateObjectMapping: 0.052700 ms MarkObjects: 2.765200 ms  DeleteObjects: 0.026700 ms)

========================================================================
Received Import Request.
  Time since last request: 374.146694 seconds.
  path: Assets/RW/Scripts/HayMachine.cs
  artifactKey: Guid(63b8f0cefab8f504e877610533903c6d) Importer(815301076,1909f56bfc062723c751e8b465ee728b)
Start importing Assets/RW/Scripts/HayMachine.cs using Guid(63b8f0cefab8f504e877610533903c6d) Importer(815301076,1909f56bfc062723c751e8b465ee728b)  -> (artifact id: '976448774640921d265dbd466f58d98e') in 0.007545 seconds
  Import took 0.012243 seconds .

========================================================================
Received Prepare
Registering precompiled user dll's ...
Registered in 0.001574 seconds.
Begin MonoManager ReloadAssembly
Native extension for WindowsStandalone target not found
Native extension for OSXStandalone target not found
Refreshing native plugins compatible for Editor in 0.25 ms, found 0 plugins.
Preloading 0 native plugins for Editor in 0.00 ms.
Invoked RoslynAnalysisRunner static constructor.
RoslynAnalysisRunner will not be running.
RoslynAnalysisRunner has terminated.
Mono: successfully reloaded assembly
- Completed reload, in  1.039 seconds
Platform modules already initialized, skipping
Refreshing native plugins compatible for Editor in 0.30 ms, found 0 plugins.
Preloading 0 native plugins for Editor in 0.00 ms.
Unloading 1091 Unused Serialized files (Serialized files now loaded: 0)
System memory in use before: 60.4 MB.
System memory in use after: 60.5 MB.

Unloading 4 unused Assets to reduce memory usage. Loaded Objects now: 1610.
Total: 2.845900 ms (FindLiveObjects: 0.281100 ms CreateObjectMapping: 0.037500 ms MarkObjects: 2.505000 ms  DeleteObjects: 0.019400 ms)

========================================================================
Received Import Request.
  Time since last request: 209.848226 seconds.
  path: Assets/RW/Scenes/Title.unity
  artifactKey: Guid(54f7faf678be11946b167b94af6da5b7) Importer(815301076,1909f56bfc062723c751e8b465ee728b)
Start importing Assets/RW/Scenes/Title.unity using Guid(54f7faf678be11946b167b94af6da5b7) Importer(815301076,1909f56bfc062723c751e8b465ee728b)  -> (artifact id: 'fd6567b31da109928c800d12f8b68768') in 0.028913 seconds
  Import took 0.034181 seconds .

========================================================================
Received Import Request.
  Time since last request: 30.120200 seconds.
  path: Assets/RW/Scenes/Game.unity
  artifactKey: Guid(c7d17eeaad25ad645b5a59c641b15767) Importer(815301076,1909f56bfc062723c751e8b465ee728b)
Start importing Assets/RW/Scenes/Game.unity using Guid(c7d17eeaad25ad645b5a59c641b15767) Importer(815301076,1909f56bfc062723c751e8b465ee728b)  -> (artifact id: '56f97146425a65f432a4b8b6e5df722a') in 0.007750 seconds
  Import took 0.012507 seconds .

========================================================================
Received Import Request.
  Time since last request: 0.003362 seconds.
  path: Assets/RW/Scenes/Game.unity
  artifactKey: Guid(c7d17eeaad25ad645b5a59c641b15767) Importer(815301076,1909f56bfc062723c751e8b465ee728b)
Start importing Assets/RW/Scenes/Game.unity using Guid(c7d17eeaad25ad645b5a59c641b15767) Importer(815301076,1909f56bfc062723c751e8b465ee728b)  -> (artifact id: '56f97146425a65f432a4b8b6e5df722a') in 0.008139 seconds
  Import took 0.013256 seconds .

========================================================================
Received Prepare
Registering precompiled user dll's ...
Registered in 0.001958 seconds.
Begin MonoManager ReloadAssembly
Native extension for WindowsStandalone target not found
Native extension for OSXStandalone target not found
Refreshing native plugins compatible for Editor in 0.27 ms, found 0 plugins.
Preloading 0 native plugins for Editor in 0.00 ms.
Invoked RoslynAnalysisRunner static constructor.
RoslynAnalysisRunner will not be running.
RoslynAnalysisRunner has terminated.
Mono: successfully reloaded assembly
- Completed reload, in  1.029 seconds
Platform modules already initialized, skipping
Refreshing native plugins compatible for Editor in 0.24 ms, found 0 plugins.
Preloading 0 native plugins for Editor in 0.00 ms.
Unloading 1091 Unused Serialized files (Serialized files now loaded: 0)
System memory in use before: 60.4 MB.
System memory in use after: 60.5 MB.

Unloading 4 unused Assets to reduce memory usage. Loaded Objects now: 1612.
Total: 2.299100 ms (FindLiveObjects: 0.212800 ms CreateObjectMapping: 0.054300 ms MarkObjects: 2.010600 ms  DeleteObjects: 0.019000 ms)

========================================================================
Received Prepare
Registering precompiled user dll's ...
Registered in 0.001859 seconds.
Begin MonoManager ReloadAssembly
Native extension for WindowsStandalone target not found
Native extension for OSXStandalone target not found
Refreshing native plugins compatible for Editor in 0.26 ms, found 0 plugins.
Preloading 0 native plugins for Editor in 0.00 ms.
Invoked RoslynAnalysisRunner static constructor.
RoslynAnalysisRunner will not be running.
RoslynAnalysisRunner has terminated.
Mono: successfully reloaded assembly
- Completed reload, in  0.955 seconds
Platform modules already initialized, skipping
Refreshing native plugins compatible for Editor in 0.30 ms, found 0 plugins.
Preloading 0 native plugins for Editor in 0.00 ms.
Unloading 1091 Unused Serialized files (Serialized files now loaded: 0)
System memory in use before: 60.4 MB.
System memory in use after: 60.5 MB.

Unloading 4 unused Assets to reduce memory usage. Loaded Objects now: 1614.
Total: 2.922400 ms (FindLiveObjects: 0.231900 ms CreateObjectMapping: 0.051800 ms MarkObjects: 2.616500 ms  DeleteObjects: 0.020300 ms)

========================================================================
Received Prepare
Registering precompiled user dll's ...
Registered in 0.001442 seconds.
Begin MonoManager ReloadAssembly
Native extension for WindowsStandalone target not found
Native extension for OSXStandalone target not found
Refreshing native plugins compatible for Editor in 0.28 ms, found 0 plugins.
Preloading 0 native plugins for Editor in 0.00 ms.
Invoked RoslynAnalysisRunner static constructor.
RoslynAnalysisRunner will not be running.
RoslynAnalysisRunner has terminated.
Mono: successfully reloaded assembly
- Completed reload, in  1.008 seconds
Platform modules already initialized, skipping
Refreshing native plugins compatible for Editor in 0.25 ms, found 0 plugins.
Preloading 0 native plugins for Editor in 0.00 ms.
Unloading 1091 Unused Serialized files (Serialized files now loaded: 0)
System memory in use before: 60.4 MB.
System memory in use after: 60.5 MB.

Unloading 4 unused Assets to reduce memory usage. Loaded Objects now: 1616.
Total: 2.261400 ms (FindLiveObjects: 0.194600 ms CreateObjectMapping: 0.063300 ms MarkObjects: 1.980100 ms  DeleteObjects: 0.021300 ms)

========================================================================
Received Prepare
Refreshing native plugins compatible for Editor in 2.16 ms, found 0 plugins.
Preloading 0 native plugins for Editor in 0.00 ms.
Unloading 2 Unused Serialized files (Serialized files now loaded: 0)
System memory in use before: 38.5 MB.
System memory in use after: 38.6 MB.

Unloading 2 unused Assets to reduce memory usage. Loaded Objects now: 1616.
Total: 72.678000 ms (FindLiveObjects: 1.314200 ms CreateObjectMapping: 0.128100 ms MarkObjects: 71.186500 ms  DeleteObjects: 0.043800 ms)

AssetImportWorkerClient::OnTransportError - code=2 error=End of file
